<?xml version="1.0" encoding="UTF-8"?>
<!-- Generated by org.testng.reporters.JUnitXMLReporter -->
<testsuite hostname="CTLINDT-0133" name="Default test" tests="2" failures="0" timestamp="31 Mar 2020 08:59:05 GMT" time="0.078" errors="0">
  <testcase name="@BeforeClass createReportAndLaunchApplication" time="0.0" classname="automation.careSuiteClient.Package11.MedPassModuleTestCases">
    <failure type="org.testng.TestNGException" message="
Parameter &amp;apos;platform&amp;apos; is required by @Configuration on method createReportAndLaunchApplication but has not been marked @Optional or defined
in C:\Users\E004014\AppData\Local\Temp\testng-eclipse--321548710\testng-customsuite.xml">
      <![CDATA[org.testng.TestNGException: 
Parameter 'platform' is required by @Configuration on method createReportAndLaunchApplication but has not been marked @Optional or defined
in C:\Users\E004014\AppData\Local\Temp\testng-eclipse--321548710\testng-customsuite.xml
	at org.testng.internal.Parameters.createParameters(Parameters.java:156)
	at org.testng.internal.Parameters.createParameters(Parameters.java:363)
	at org.testng.internal.Parameters.createConfigurationParameters(Parameters.java:86)
	at org.testng.internal.Invoker.invokeConfigurations(Invoker.java:202)
	at org.testng.internal.Invoker.invokeConfigurations(Invoker.java:143)
	at org.testng.internal.TestMethodWorker.invokeBeforeClassMethods(TestMethodWorker.java:169)
	at org.testng.internal.TestMethodWorker.run(TestMethodWorker.java:108)
	at org.testng.TestRunner.privateRun(TestRunner.java:746)
	at org.testng.TestRunner.run(TestRunner.java:600)
	at org.testng.SuiteRunner.runTest(SuiteRunner.java:366)
	at org.testng.SuiteRunner.runSequentially(SuiteRunner.java:361)
	at org.testng.SuiteRunner.privateRun(SuiteRunner.java:319)
	at org.testng.SuiteRunner.run(SuiteRunner.java:268)
	at org.testng.SuiteRunnerWorker.runSuite(SuiteRunnerWorker.java:52)
	at org.testng.SuiteRunnerWorker.run(SuiteRunnerWorker.java:86)
	at org.testng.TestNG.runSuitesSequentially(TestNG.java:1264)
	at org.testng.TestNG.runSuitesLocally(TestNG.java:1189)
	at org.testng.TestNG.runSuites(TestNG.java:1104)
	at org.testng.TestNG.run(TestNG.java:1076)
	at org.testng.remote.AbstractRemoteTestNG.run(AbstractRemoteTestNG.java:126)
	at org.testng.remote.RemoteTestNG.initAndRun(RemoteTestNG.java:152)
	at org.testng.remote.RemoteTestNG.main(RemoteTestNG.java:57)
]]>
    </failure>
  </testcase> <!-- @BeforeClass createReportAndLaunchApplication -->
  <testcase name="@AfterClass closeReport" time="0.0" classname="automation.careSuiteClient.Package11.MedPassModuleTestCases">
    <skipped/>
  </testcase> <!-- @AfterClass closeReport -->
  <testcase name="verifyMedPassFunctionality" time="0.016" classname="automation.careSuiteClient.Package11.MedPassModuleTestCases">
    <skipped/>
  </testcase> <!-- verifyMedPassFunctionality -->
  <testcase name="verifyRecordExceptionsFunctionalityDuringMedPass" time="0.0" classname="automation.careSuiteClient.Package11.MedPassModuleTestCases">
    <skipped/>
  </testcase> <!-- verifyRecordExceptionsFunctionalityDuringMedPass -->
</testsuite> <!-- Default test -->
